[2021-03-16 18:17:14 +0000] [1053] [DEBUG] GET /admin/
[2021-03-16 18:18:45 +0000] [1054] [DEBUG] GET /admin/
[2021-03-16 18:26:43 +0000] [1055] [DEBUG] GET /
[2021-03-16 18:28:04 +0000] [1054] [DEBUG] GET /
[2021-03-16 18:28:07 +0000] [1053] [DEBUG] GET /admin/
[2021-03-16 18:28:17 +0000] [1054] [DEBUG] GET /
[2021-03-16 18:29:00 +0000] [1055] [DEBUG] GET /users/login/
[2021-03-16 18:29:15 +0000] [1054] [DEBUG] GET /
[2021-03-16 18:29:15 +0000] [1053] [DEBUG] POST /users/login/
[2021-03-16 18:29:17 +0000] [1055] [DEBUG] GET /patients/home/
[2021-03-16 18:29:38 +0000] [1053] [DEBUG] GET /
[2021-03-16 18:30:03 +0000] [1054] [DEBUG] GET /
[2021-03-16 18:30:23 +0000] [1055] [DEBUG] GET /
[2021-03-16 18:30:39 +0000] [1054] [DEBUG] GET /users/login/
[2021-03-16 18:32:06 +0000] [1054] [DEBUG] GET /admin/
[2021-03-16 18:32:16 +0000] [1053] [DEBUG] GET /admin/
[2021-03-16 18:32:16 +0000] [1055] [DEBUG] GET /admin/login/
[2021-03-16 18:32:53 +0000] [1055] [DEBUG] POST /users/login/
[2021-03-16 18:32:55 +0000] [1054] [DEBUG] GET /patients/home/
[2021-03-16 18:33:05 +0000] [1055] [DEBUG] GET /patients/home/
[2021-03-16 18:33:05 +0000] [1053] [DEBUG] GET /users/login/
[2021-03-16 18:33:25 +0000] [1055] [DEBUG] GET /users/register-patient/
[2021-03-16 18:33:26 +0000] [1053] [DEBUG] GET /caregivers/home/
[2021-03-16 18:33:36 +0000] [1054] [DEBUG] GET /users/login/
[2021-03-16 18:33:39 +0000] [1053] [DEBUG] GET /caregivers/home/
[2021-03-16 18:33:39 +0000] [1055] [DEBUG] GET /users/login/
[2021-03-16 18:33:46 +0000] [1053] [DEBUG] GET /users/login/
[2021-03-16 18:33:47 +0000] [1055] [DEBUG] GET /
[2021-03-16 18:34:18 +0000] [1053] [DEBUG] GET /patients/home/
[2021-03-16 18:34:23 +0000] [1055] [DEBUG] GET /jobs/create/
[2021-03-16 18:35:03 +0000] [1055] [DEBUG] GET /admin/users/location/
[2021-03-16 18:35:05 +0000] [1053] [DEBUG] GET /admin/jsi18n/
[2021-03-16 18:35:10 +0000] [1055] [DEBUG] GET /admin/users/location/add/
[2021-03-16 18:35:11 +0000] [1054] [DEBUG] GET /admin/jsi18n/
[2021-03-16 18:35:15 +0000] [1055] [DEBUG] POST /admin/users/location/add/
[2021-03-16 18:35:17 +0000] [1054] [DEBUG] GET /admin/users/location/
[2021-03-16 18:35:18 +0000] [1055] [DEBUG] GET /admin/jsi18n/
[2021-03-16 18:35:20 +0000] [1053] [DEBUG] GET /admin/users/location/add/
[2021-03-16 18:35:22 +0000] [1054] [DEBUG] GET /admin/jsi18n/
[2021-03-16 18:35:30 +0000] [1053] [DEBUG] POST /admin/users/location/add/
[2021-03-16 18:35:31 +0000] [1054] [DEBUG] GET /admin/users/location/add/
[2021-03-16 18:35:33 +0000] [1053] [DEBUG] GET /admin/jsi18n/
[2021-03-16 18:35:38 +0000] [1054] [DEBUG] POST /admin/users/location/add/
[2021-03-16 18:35:40 +0000] [1055] [DEBUG] GET /admin/users/location/add/
[2021-03-16 18:35:41 +0000] [1054] [DEBUG] GET /admin/jsi18n/
[2021-03-16 18:35:52 +0000] [1055] [DEBUG] POST /admin/users/location/add/
[2021-03-16 18:35:53 +0000] [1053] [DEBUG] GET /admin/users/location/add/
[2021-03-16 18:35:55 +0000] [1055] [DEBUG] GET /admin/jsi18n/
[2021-03-16 18:36:06 +0000] [1053] [DEBUG] POST /admin/users/location/add/
[2021-03-16 18:36:07 +0000] [1054] [DEBUG] GET /users/register-patient/
[2021-03-16 18:36:07 +0000] [1053] [DEBUG] GET /admin/users/location/
[2021-03-16 18:36:08 +0000] [1054] [DEBUG] GET /admin/jsi18n/
[2021-03-16 18:36:11 +0000] [1053] [DEBUG] GET /admin/users/skill/
[2021-03-16 18:36:12 +0000] [1055] [DEBUG] GET /admin/jsi18n/
[2021-03-16 18:36:16 +0000] [1054] [DEBUG] GET /admin/users/skill/
[2021-03-16 18:36:17 +0000] [1053] [DEBUG] GET /admin/jsi18n/
[2021-03-16 18:36:22 +0000] [1055] [DEBUG] GET /admin/users/skill/add/
[2021-03-16 18:36:23 +0000] [1054] [DEBUG] GET /admin/jsi18n/
[2021-03-16 18:36:53 +0000] [1053] [DEBUG] POST /users/register-patient/
[2021-03-16 18:36:54 +0000] [1055] [DEBUG] GET /
[2021-03-16 18:37:01 +0000] [1054] [DEBUG] GET /users/login/
/webapps/cuidala/venv/lib/python3.8/site-packages/django/db/models/fields/__init__.py:1367: RuntimeWarning: DateTimeField User.created_at received a naive datetime (2021-03-16 18:36:54.431941) while time zone support is active.
  warnings.warn("DateTimeField %s received a naive datetime (%s)"
/webapps/cuidala/venv/lib/python3.8/site-packages/django/db/models/fields/__init__.py:1367: RuntimeWarning: DateTimeField User.updated_at received a naive datetime (2021-03-16 18:36:54.431950) while time zone support is active.
  warnings.warn("DateTimeField %s received a naive datetime (%s)"
[2021-03-16 18:37:15 +0000] [1053] [DEBUG] POST /users/login/
[2021-03-16 18:37:17 +0000] [1054] [DEBUG] GET /patients/home/
[2021-03-16 18:37:33 +0000] [1055] [DEBUG] GET /jobs/my-active-jobs/
[2021-03-16 18:37:40 +0000] [1054] [DEBUG] GET /jobs/my-inactive-jobs/
[2021-03-16 18:37:43 +0000] [1055] [DEBUG] GET /jobs/my-hired-jobs/
[2021-03-16 18:37:46 +0000] [1054] [DEBUG] GET /jobs/create/
[2021-03-16 18:38:14 +0000] [1053] [DEBUG] GET /users/logout/
[2021-03-16 18:38:15 +0000] [1055] [DEBUG] GET /users/login/
[2021-03-16 18:38:35 +0000] [1054] [DEBUG] POST /users/login/
[2021-03-16 18:38:37 +0000] [1055] [DEBUG] GET /patients/home/
[2021-03-16 18:38:38 +0000] [1053] [DEBUG] POST /users/login/
Forbidden (CSRF token missing or incorrect.): /users/login/
[2021-03-16 18:38:38 +0000] [1055] [DEBUG] Ignoring EPIPE
[2021-03-16 18:38:41 +0000] [1053] [DEBUG] GET /favicon.ico
Not Found: /favicon.ico
[2021-03-16 18:38:43 +0000] [1055] [DEBUG] GET /users/login/
[2021-03-16 18:39:00 +0000] [1053] [DEBUG] POST /users/login/
[2021-03-16 18:39:02 +0000] [1054] [DEBUG] GET /patients/home/
[2021-03-16 18:39:15 +0000] [1055] [DEBUG] GET /jobs/my-active-jobs/
[2021-03-16 18:39:22 +0000] [1054] [DEBUG] GET /jobs/create/
[2021-03-16 18:39:22 +0000] [1053] [DEBUG] GET /jobs/create/
[2021-03-16 18:39:38 +0000] [1054] [DEBUG] GET /admin
[2021-03-16 18:39:38 +0000] [1055] [DEBUG] GET /admin/
[2021-03-16 18:40:13 +0000] [1055] [DEBUG] GET /patients/home/
[2021-03-16 18:40:36 +0000] [1053] [DEBUG] GET /caregivers/home
[2021-03-16 18:40:37 +0000] [1054] [DEBUG] GET /caregivers/home/
[2021-03-16 18:40:42 +0000] [1055] [DEBUG] GET /caregivers/my-profile/
Internal Server Error: /caregivers/my-profile/
Traceback (most recent call last):
  File "/webapps/cuidala/venv/lib/python3.8/site-packages/django/template/base.py", line 829, in _resolve_lookup
    current = current[bit]
TypeError: 'ImageFieldFile' object is not subscriptable

During handling of the above exception, another exception occurred:

Traceback (most recent call last):
  File "/webapps/cuidala/venv/lib/python3.8/site-packages/django/core/handlers/exception.py", line 47, in inner
    response = get_response(request)
  File "/webapps/cuidala/venv/lib/python3.8/site-packages/django/core/handlers/base.py", line 204, in _get_response
    response = response.render()
  File "/webapps/cuidala/venv/lib/python3.8/site-packages/django/template/response.py", line 105, in render
    self.content = self.rendered_content
  File "/webapps/cuidala/venv/lib/python3.8/site-packages/django/template/response.py", line 83, in rendered_content
    return template.render(context, self._request)
  File "/webapps/cuidala/venv/lib/python3.8/site-packages/django/template/backends/django.py", line 61, in render
    return self.template.render(context)
  File "/webapps/cuidala/venv/lib/python3.8/site-packages/django/template/base.py", line 170, in render
    return self._render(context)
  File "/webapps/cuidala/venv/lib/python3.8/site-packages/django/template/base.py", line 162, in _render
    return self.nodelist.render(context)
  File "/webapps/cuidala/venv/lib/python3.8/site-packages/django/template/base.py", line 938, in render
    bit = node.render_annotated(context)
  File "/webapps/cuidala/venv/lib/python3.8/site-packages/django/template/base.py", line 905, in render_annotated
    return self.render(context)
  File "/webapps/cuidala/venv/lib/python3.8/site-packages/django/template/loader_tags.py", line 150, in render
    return compiled_parent._render(context)
  File "/webapps/cuidala/venv/lib/python3.8/site-packages/django/template/base.py", line 162, in _render
    return self.nodelist.render(context)
  File "/webapps/cuidala/venv/lib/python3.8/site-packages/django/template/base.py", line 938, in render
    bit = node.render_annotated(context)
  File "/webapps/cuidala/venv/lib/python3.8/site-packages/django/template/base.py", line 905, in render_annotated
    return self.render(context)
  File "/webapps/cuidala/venv/lib/python3.8/site-packages/django/template/loader_tags.py", line 62, in render
    result = block.nodelist.render(context)
  File "/webapps/cuidala/venv/lib/python3.8/site-packages/django/template/base.py", line 938, in render
    bit = node.render_annotated(context)
  File "/webapps/cuidala/venv/lib/python3.8/site-packages/django/template/base.py", line 905, in render_annotated
    return self.render(context)
  File "/webapps/cuidala/venv/lib/python3.8/site-packages/django/template/defaulttags.py", line 211, in render
    nodelist.append(node.render_annotated(context))
  File "/webapps/cuidala/venv/lib/python3.8/site-packages/django/template/base.py", line 905, in render_annotated
    return self.render(context)
  File "/webapps/cuidala/venv/lib/python3.8/site-packages/django/template/base.py", line 988, in render
    output = self.filter_expression.resolve(context)
  File "/webapps/cuidala/venv/lib/python3.8/site-packages/django/template/base.py", line 671, in resolve
    obj = self.var.resolve(context)
  File "/webapps/cuidala/venv/lib/python3.8/site-packages/django/template/base.py", line 796, in resolve
    value = self._resolve_lookup(context)
  File "/webapps/cuidala/venv/lib/python3.8/site-packages/django/template/base.py", line 837, in _resolve_lookup
    current = getattr(current, bit)
  File "/webapps/cuidala/venv/lib/python3.8/site-packages/django/db/models/fields/files.py", line 61, in url
    self._require_file()
  File "/webapps/cuidala/venv/lib/python3.8/site-packages/django/db/models/fields/files.py", line 38, in _require_file
    raise ValueError("The '%s' attribute has no file associated with it." % self.field.name)
ValueError: The 'avatar' attribute has no file associated with it.
[2021-03-16 18:42:22 +0000] [1055] [DEBUG] GET /
[2021-03-16 18:50:34 +0000] [1053] [DEBUG] POST /admin/users/skill/add/
[2021-03-16 18:50:35 +0000] [1054] [DEBUG] GET /admin/users/skill/
[2021-03-16 18:50:36 +0000] [1053] [DEBUG] GET /admin/jsi18n/
[2021-03-16 18:50:38 +0000] [1055] [DEBUG] GET /admin/users/skill/add/
[2021-03-16 18:50:40 +0000] [1053] [DEBUG] GET /admin/jsi18n/
[2021-03-16 18:50:47 +0000] [1055] [DEBUG] POST /admin/users/skill/add/
[2021-03-16 18:50:49 +0000] [1053] [DEBUG] GET /admin/users/skill/add/
[2021-03-16 18:50:50 +0000] [1055] [DEBUG] GET /admin/jsi18n/
[2021-03-16 18:50:56 +0000] [1053] [DEBUG] POST /admin/users/skill/add/
[2021-03-16 18:50:57 +0000] [1054] [DEBUG] GET /admin/users/skill/add/
[2021-03-16 18:50:58 +0000] [1053] [DEBUG] GET /admin/jsi18n/
[2021-03-16 18:51:02 +0000] [1054] [DEBUG] POST /admin/users/skill/add/
[2021-03-16 18:51:03 +0000] [1053] [DEBUG] GET /admin/users/skill/add/
[2021-03-16 18:51:05 +0000] [1054] [DEBUG] GET /admin/jsi18n/
[2021-03-16 18:51:08 +0000] [1053] [DEBUG] POST /admin/users/skill/add/
[2021-03-16 18:51:10 +0000] [1055] [DEBUG] GET /admin/users/skill/add/
[2021-03-16 18:51:11 +0000] [1053] [DEBUG] GET /admin/jsi18n/
[2021-03-16 18:51:17 +0000] [1055] [DEBUG] POST /admin/users/skill/add/
[2021-03-16 18:51:19 +0000] [1053] [DEBUG] GET /admin/users/skill/add/
[2021-03-16 18:51:20 +0000] [1055] [DEBUG] GET /admin/jsi18n/
[2021-03-16 18:51:31 +0000] [1054] [DEBUG] POST /admin/users/skill/add/
[2021-03-16 18:51:32 +0000] [1055] [DEBUG] GET /admin/users/skill/
[2021-03-16 18:51:34 +0000] [1054] [DEBUG] GET /admin/jsi18n/
[2021-03-16 18:51:36 +0000] [1055] [DEBUG] GET /admin/users/service/
[2021-03-16 18:51:38 +0000] [1053] [DEBUG] GET /admin/jsi18n/
[2021-03-16 18:51:44 +0000] [1055] [DEBUG] GET /admin/users/service/add/
[2021-03-16 18:51:46 +0000] [1053] [DEBUG] GET /admin/jsi18n/
[2021-03-16 18:51:52 +0000] [1055] [DEBUG] POST /admin/users/service/add/
[2021-03-16 18:51:54 +0000] [1054] [DEBUG] GET /admin/users/service/add/
[2021-03-16 18:51:55 +0000] [1055] [DEBUG] GET /admin/jsi18n/
[2021-03-16 18:52:00 +0000] [1054] [DEBUG] POST /admin/users/service/add/
[2021-03-16 18:52:02 +0000] [1055] [DEBUG] GET /admin/users/service/add/
[2021-03-16 18:52:03 +0000] [1053] [DEBUG] GET /admin/jsi18n/
[2021-03-16 18:52:08 +0000] [1055] [DEBUG] POST /admin/users/service/add/
[2021-03-16 18:52:09 +0000] [1053] [DEBUG] GET /admin/users/service/add/
[2021-03-16 18:52:11 +0000] [1055] [DEBUG] GET /admin/jsi18n/
[2021-03-16 18:52:16 +0000] [1053] [DEBUG] POST /admin/users/service/add/
[2021-03-16 18:52:17 +0000] [1054] [DEBUG] GET /admin/users/service/add/
[2021-03-16 18:52:19 +0000] [1053] [DEBUG] GET /admin/jsi18n/
[2021-03-16 18:52:22 +0000] [1054] [DEBUG] POST /admin/users/service/add/
[2021-03-16 18:52:23 +0000] [1053] [DEBUG] GET /admin/users/service/add/
[2021-03-16 18:52:25 +0000] [1054] [DEBUG] GET /admin/jsi18n/
[2021-03-16 18:52:28 +0000] [1053] [DEBUG] POST /admin/users/service/add/
[2021-03-16 18:52:30 +0000] [1055] [DEBUG] GET /admin/users/service/add/
[2021-03-16 18:52:31 +0000] [1053] [DEBUG] GET /admin/jsi18n/
[2021-03-16 18:52:38 +0000] [1055] [DEBUG] POST /admin/users/service/add/
[2021-03-16 18:52:39 +0000] [1053] [DEBUG] GET /admin/users/service/add/
[2021-03-16 18:52:41 +0000] [1055] [DEBUG] GET /admin/jsi18n/
[2021-03-16 18:53:00 +0000] [1053] [DEBUG] GET /jobs/create/
[2021-03-16 18:53:23 +0000] [1055] [DEBUG] POST /jobs/create/
[2021-03-16 18:53:26 +0000] [1053] [DEBUG] GET /patients/home/
[2021-03-16 18:53:33 +0000] [1054] [DEBUG] GET /admin/users/service/
[2021-03-16 18:53:34 +0000] [1053] [DEBUG] GET /admin/jsi18n/
[2021-03-16 18:53:49 +0000] [1054] [DEBUG] GET /admin/users/work/
[2021-03-16 18:53:50 +0000] [1053] [DEBUG] GET /admin/jsi18n/
[2021-03-16 18:53:57 +0000] [1054] [DEBUG] GET /jobs/my-active-jobs/
[2021-03-16 18:54:09 +0000] [1055] [DEBUG] GET /jobs/create/
[2021-03-16 18:54:31 +0000] [1054] [DEBUG] GET /admin/users/user/
[2021-03-16 18:54:33 +0000] [1055] [DEBUG] GET /admin/jsi18n/
[2021-03-16 18:54:45 +0000] [1054] [DEBUG] POST /admin/users/user/
[2021-03-16 18:54:58 +0000] [1053] [DEBUG] GET /admin/users/user/
[2021-03-16 18:55:03 +0000] [1055] [DEBUG] GET /admin/users/user/2/change/
[2021-03-16 18:55:07 +0000] [1054] [DEBUG] GET /admin/users/user/2/change/
[2021-03-16 18:55:09 +0000] [1055] [DEBUG] Ignoring EPIPE
[2021-03-16 18:55:14 +0000] [1055] [DEBUG] GET /admin/jsi18n/
[2021-03-16 18:55:18 +0000] [1053] [DEBUG] GET /jobs/create/
[2021-03-16 18:55:24 +0000] [1055] [DEBUG] GET /admin/users/user/
[2021-03-16 18:55:26 +0000] [1053] [DEBUG] GET /admin/jsi18n/
[2021-03-16 18:55:29 +0000] [1055] [DEBUG] GET /admin/users/skill/
[2021-03-16 18:55:31 +0000] [1054] [DEBUG] GET /admin/jsi18n/
[2021-03-16 18:55:34 +0000] [1055] [DEBUG] GET /admin/users/user/
[2021-03-16 18:55:35 +0000] [1054] [DEBUG] GET /admin/jsi18n/
[2021-03-16 18:55:40 +0000] [1053] [DEBUG] GET /admin/users/user/2/change/
[2021-03-16 18:55:47 +0000] [1055] [DEBUG] GET /admin/jsi18n/
[2021-03-16 18:56:46 +0000] [1054] [DEBUG] POST /admin/users/user/2/change/
[2021-03-16 18:56:49 +0000] [1055] [DEBUG] GET /admin/users/user/
[2021-03-16 18:56:50 +0000] [1054] [DEBUG] GET /admin/jsi18n/
[2021-03-16 18:56:58 +0000] [1055] [DEBUG] GET /admin/users/user/2/change/
[2021-03-16 18:57:04 +0000] [1053] [DEBUG] GET /admin/jsi18n/
[2021-03-16 18:57:07 +0000] [1055] [DEBUG] GET /admin/users/work/
[2021-03-16 18:57:08 +0000] [1054] [DEBUG] GET /admin/jsi18n/
[2021-03-16 18:57:12 +0000] [1055] [DEBUG] GET /admin/users/work/add/
[2021-03-16 18:57:14 +0000] [1054] [DEBUG] GET /admin/jsi18n/
[2021-03-16 18:58:46 +0000] [1055] [DEBUG] GET /admin/users/work/add/
[2021-03-16 18:58:47 +0000] [1054] [DEBUG] GET /admin/jsi18n/
[2021-03-16 18:59:33 +0000] [1055] [DEBUG] GET /admin/users/work/add/
[2021-03-16 18:59:34 +0000] [1054] [DEBUG] GET /admin/jsi18n/
[2021-03-16 19:12:57 +0000] [1053] [DEBUG] GET /
[2021-03-16 19:15:31 +0000] [1053] [DEBUG] GET /
